  thread.cpp
f:\delta-2d\delta-2d_windows_demo\sdk\sdk\include\rslidar_protocol.h(163): warning C4200: 使用了非标准扩展: 结构/联合中的零大小数组
  f:\delta-2d\delta-2d_windows_demo\sdk\sdk\include\rslidar_protocol.h(163): note: 默认构造函数或 copy/move 赋值运算符将忽略此成员
f:\delta-2d\delta-2d_windows_demo\sdk\sdk\src\arch\win32\winthread.hpp : warning C4819: 该文件包含不能在当前代码页(936)中表示的字符。请将该文件保存为 Unicode 格式以防止数据丢失
f:\delta-2d\delta-2d_windows_demo\sdk\sdk\src\arch\win32\winthread.hpp(1): error C3193: “%”: 需要“/clr”或“/ZW”命令行选项
f:\delta-2d\delta-2d_windows_demo\sdk\sdk\src\arch\win32\winthread.hpp(1): error C2143: 语法错误: 缺少“;”(在“-”的前面)
f:\delta-2d\delta-2d_windows_demo\sdk\sdk\src\arch\win32\winthread.hpp(1): error C4430: 缺少类型说明符 - 假定为 int。注意: C++ 不支持默认 int
f:\delta-2d\delta-2d_windows_demo\sdk\sdk\src\arch\win32\winthread.hpp(1): error C2530: “TSD”: 必须初始化引用
f:\delta-2d\delta-2d_windows_demo\sdk\sdk\src\arch\win32\winthread.hpp(1): error C2014: 预处理器命令必须作为第一个非空白空间启动
f:\delta-2d\delta-2d_windows_demo\sdk\sdk\src\arch\win32\winthread.hpp(1): error C2018: 未知字符“0x4”
f:\delta-2d\delta-2d_windows_demo\sdk\sdk\src\arch\win32\winthread.hpp(1): error C3872: “0xf8f5”: 此字符不允许在标识符中使用
f:\delta-2d\delta-2d_windows_demo\sdk\sdk\src\arch\win32\winthread.hpp(1): error C2018: 未知字符“0x40”
f:\delta-2d\delta-2d_windows_demo\sdk\sdk\src\arch\win32\winthread.hpp(1): error C2018: 未知字符“0x1”
f:\delta-2d\delta-2d_windows_demo\sdk\sdk\src\arch\win32\winthread.hpp(1): error C2018: 未知字符“0x17”
f:\delta-2d\delta-2d_windows_demo\sdk\sdk\src\arch\win32\winthread.hpp(1): error C3873: “0xe7c7”: 不允许将此字符作为标识符的第一个字符
f:\delta-2d\delta-2d_windows_demo\sdk\sdk\src\arch\win32\winthread.hpp(1): error C3872: “0x4”: 此字符不允许在标识符中使用
f:\delta-2d\delta-2d_windows_demo\sdk\sdk\src\arch\win32\winthread.hpp(1): error C2018: 未知字符“0x1b”
f:\delta-2d\delta-2d_windows_demo\sdk\sdk\src\arch\win32\winthread.hpp(1): error C2018: 未知字符“0x16”
f:\delta-2d\delta-2d_windows_demo\sdk\sdk\src\arch\win32\winthread.hpp(1): error C2018: 未知字符“0xe”
f:\delta-2d\delta-2d_windows_demo\sdk\sdk\src\arch\win32\winthread.hpp(1): error C2018: 未知字符“0x19”
f:\delta-2d\delta-2d_windows_demo\sdk\sdk\src\arch\win32\winthread.hpp(1): error C2018: 未知字符“0x1d”
f:\delta-2d\delta-2d_windows_demo\sdk\sdk\src\arch\win32\winthread.hpp(1): error C2018: 未知字符“0x7”
f:\delta-2d\delta-2d_windows_demo\sdk\sdk\src\arch\win32\winthread.hpp(1): error C3873: “0xe864”: 不允许将此字符作为标识符的第一个字符
f:\delta-2d\delta-2d_windows_demo\sdk\sdk\src\arch\win32\winthread.hpp(1): error C2018: 未知字符“0x5”
f:\delta-2d\delta-2d_windows_demo\sdk\sdk\src\arch\win32\winthread.hpp(1): error C2143: 语法错误: 缺少“;”(在“}”的前面)
f:\delta-2d\delta-2d_windows_demo\sdk\sdk\src\arch\win32\winthread.hpp(1): error C2059: 语法错误:“}”
f:\delta-2d\delta-2d_windows_demo\sdk\sdk\src\arch\win32\winthread.hpp(1): error C2018: 未知字符“0x10”
f:\delta-2d\delta-2d_windows_demo\sdk\sdk\src\arch\win32\winthread.hpp(1): error C2018: 未知字符“0x18”
f:\delta-2d\delta-2d_windows_demo\sdk\sdk\src\arch\win32\winthread.hpp(1): error C2018: 未知字符“0x3”
f:\delta-2d\delta-2d_windows_demo\sdk\sdk\src\arch\win32\winthread.hpp(1): fatal error C1004: 发现意外的文件尾
